{"/Users/agiammarchi/git/lightdown/cjs/index.js":{"path":"/Users/agiammarchi/git/lightdown/cjs/index.js","s":{"1":1,"2":28,"3":42,"4":14,"5":14,"6":6,"7":6,"8":4,"9":4,"10":2,"11":2,"12":2,"13":12,"14":28,"15":10,"16":10,"17":6,"18":6,"19":10,"20":10,"21":10,"22":2,"23":2,"24":6,"25":6,"26":6,"27":6,"28":6,"29":18,"30":1},"b":{"1":[6,4,2,2],"2":[4,2],"3":[2,2],"4":[6,4],"5":[6,4],"6":[4,2]},"f":{"1":28,"2":42,"3":14,"4":10,"5":2,"6":6,"7":6,"8":18},"fnMap":{"1":{"name":"lightdown","line":2,"loc":{"start":{"line":2,"column":0},"end":{"line":2,"column":22}}},"2":{"name":"(anonymous_2)","line":7,"loc":{"start":{"line":7,"column":9},"end":{"line":7,"column":21}}},"3":{"name":"(anonymous_3)","line":15,"loc":{"start":{"line":15,"column":12},"end":{"line":15,"column":34}}},"4":{"name":"(anonymous_4)","line":33,"loc":{"start":{"line":33,"column":6},"end":{"line":33,"column":28}}},"5":{"name":"(anonymous_5)","line":50,"loc":{"start":{"line":50,"column":6},"end":{"line":50,"column":28}}},"6":{"name":"(anonymous_6)","line":58,"loc":{"start":{"line":58,"column":6},"end":{"line":58,"column":28}}},"7":{"name":"(anonymous_7)","line":62,"loc":{"start":{"line":62,"column":10},"end":{"line":62,"column":36}}},"8":{"name":"(anonymous_8)","line":81,"loc":{"start":{"line":81,"column":6},"end":{"line":81,"column":24}}}},"statementMap":{"1":{"start":{"line":2,"column":0},"end":{"line":86,"column":1}},"2":{"start":{"line":4,"column":2},"end":{"line":25,"column":3}},"3":{"start":{"line":13,"column":6},"end":{"line":13,"column":46}},"4":{"start":{"line":16,"column":6},"end":{"line":16,"column":35}},"5":{"start":{"line":17,"column":6},"end":{"line":22,"column":7}},"6":{"start":{"line":18,"column":18},"end":{"line":18,"column":61}},"7":{"start":{"line":18,"column":62},"end":{"line":18,"column":68}},"8":{"start":{"line":19,"column":18},"end":{"line":19,"column":56}},"9":{"start":{"line":19,"column":57},"end":{"line":19,"column":63}},"10":{"start":{"line":20,"column":18},"end":{"line":20,"column":33}},"11":{"start":{"line":20,"column":34},"end":{"line":20,"column":40}},"12":{"start":{"line":21,"column":18},"end":{"line":21,"column":50}},"13":{"start":{"line":23,"column":6},"end":{"line":23,"column":39}},"14":{"start":{"line":27,"column":2},"end":{"line":84,"column":6}},"15":{"start":{"line":35,"column":8},"end":{"line":35,"column":61}},"16":{"start":{"line":37,"column":8},"end":{"line":40,"column":9}},"17":{"start":{"line":38,"column":10},"end":{"line":38,"column":38}},"18":{"start":{"line":39,"column":10},"end":{"line":39,"column":61}},"19":{"start":{"line":42,"column":8},"end":{"line":42,"column":42}},"20":{"start":{"line":43,"column":8},"end":{"line":43,"column":75}},"21":{"start":{"line":44,"column":8},"end":{"line":44,"column":23}},"22":{"start":{"line":51,"column":8},"end":{"line":51,"column":45}},"23":{"start":{"line":52,"column":8},"end":{"line":52,"column":23}},"24":{"start":{"line":59,"column":8},"end":{"line":59,"column":66}},"25":{"start":{"line":60,"column":8},"end":{"line":65,"column":10}},"26":{"start":{"line":63,"column":12},"end":{"line":63,"column":56}},"27":{"start":{"line":66,"column":8},"end":{"line":66,"column":36}},"28":{"start":{"line":67,"column":8},"end":{"line":67,"column":23}},"29":{"start":{"line":82,"column":8},"end":{"line":82,"column":29}},"30":{"start":{"line":87,"column":0},"end":{"line":87,"column":27}}},"branchMap":{"1":{"line":17,"type":"switch","locations":[{"start":{"line":18,"column":8},"end":{"line":18,"column":68}},{"start":{"line":19,"column":8},"end":{"line":19,"column":63}},{"start":{"line":20,"column":8},"end":{"line":20,"column":40}},{"start":{"line":21,"column":8},"end":{"line":21,"column":50}}]},"2":{"line":18,"type":"cond-expr","locations":[{"start":{"line":18,"column":42},"end":{"line":18,"column":47}},{"start":{"line":18,"column":50},"end":{"line":18,"column":59}}]},"3":{"line":19,"type":"cond-expr","locations":[{"start":{"line":19,"column":42},"end":{"line":19,"column":47}},{"start":{"line":19,"column":50},"end":{"line":19,"column":54}}]},"4":{"line":37,"type":"if","locations":[{"start":{"line":37,"column":8},"end":{"line":37,"column":8}},{"start":{"line":37,"column":8},"end":{"line":37,"column":8}}]},"5":{"line":39,"type":"binary-expr","locations":[{"start":{"line":39,"column":25},"end":{"line":39,"column":33}},{"start":{"line":39,"column":37},"end":{"line":39,"column":39}}]},"6":{"line":63,"type":"cond-expr","locations":[{"start":{"line":63,"column":41},"end":{"line":63,"column":43}},{"start":{"line":63,"column":46},"end":{"line":63,"column":54}}]}}}}