{"/Users/agiammarchi/git/lightdown/cjs/index.js":{"path":"/Users/agiammarchi/git/lightdown/cjs/index.js","s":{"1":1,"2":24,"3":38,"4":14,"5":14,"6":6,"7":6,"8":4,"9":4,"10":2,"11":2,"12":2,"13":12,"14":24,"15":8,"16":8,"17":4,"18":4,"19":8,"20":8,"21":8,"22":2,"23":2,"24":6,"25":6,"26":6,"27":6,"28":6,"29":16,"30":1},"b":{"1":[6,4,2,2],"2":[4,2],"3":[2,2],"4":[8,4],"5":[4,4],"6":[4,2]},"f":{"1":24,"2":38,"3":14,"4":8,"5":2,"6":6,"7":6,"8":16},"fnMap":{"1":{"name":"lightdown","line":2,"loc":{"start":{"line":2,"column":0},"end":{"line":2,"column":22}}},"2":{"name":"(anonymous_2)","line":6,"loc":{"start":{"line":6,"column":9},"end":{"line":6,"column":21}}},"3":{"name":"(anonymous_3)","line":14,"loc":{"start":{"line":14,"column":12},"end":{"line":14,"column":34}}},"4":{"name":"(anonymous_4)","line":32,"loc":{"start":{"line":32,"column":6},"end":{"line":32,"column":28}}},"5":{"name":"(anonymous_5)","line":49,"loc":{"start":{"line":49,"column":6},"end":{"line":49,"column":28}}},"6":{"name":"(anonymous_6)","line":57,"loc":{"start":{"line":57,"column":6},"end":{"line":57,"column":28}}},"7":{"name":"(anonymous_7)","line":61,"loc":{"start":{"line":61,"column":10},"end":{"line":61,"column":36}}},"8":{"name":"(anonymous_8)","line":78,"loc":{"start":{"line":78,"column":6},"end":{"line":78,"column":18}}}},"statementMap":{"1":{"start":{"line":2,"column":0},"end":{"line":83,"column":1}},"2":{"start":{"line":4,"column":2},"end":{"line":24,"column":3}},"3":{"start":{"line":12,"column":6},"end":{"line":12,"column":46}},"4":{"start":{"line":15,"column":6},"end":{"line":15,"column":35}},"5":{"start":{"line":16,"column":6},"end":{"line":21,"column":7}},"6":{"start":{"line":17,"column":18},"end":{"line":17,"column":61}},"7":{"start":{"line":17,"column":62},"end":{"line":17,"column":68}},"8":{"start":{"line":18,"column":18},"end":{"line":18,"column":56}},"9":{"start":{"line":18,"column":57},"end":{"line":18,"column":63}},"10":{"start":{"line":19,"column":18},"end":{"line":19,"column":33}},"11":{"start":{"line":19,"column":34},"end":{"line":19,"column":40}},"12":{"start":{"line":20,"column":18},"end":{"line":20,"column":50}},"13":{"start":{"line":22,"column":6},"end":{"line":22,"column":39}},"14":{"start":{"line":26,"column":2},"end":{"line":81,"column":6}},"15":{"start":{"line":34,"column":8},"end":{"line":34,"column":61}},"16":{"start":{"line":36,"column":8},"end":{"line":39,"column":9}},"17":{"start":{"line":37,"column":10},"end":{"line":37,"column":32}},"18":{"start":{"line":38,"column":10},"end":{"line":38,"column":35}},"19":{"start":{"line":41,"column":8},"end":{"line":41,"column":42}},"20":{"start":{"line":42,"column":8},"end":{"line":42,"column":72}},"21":{"start":{"line":43,"column":8},"end":{"line":43,"column":22}},"22":{"start":{"line":50,"column":8},"end":{"line":50,"column":42}},"23":{"start":{"line":51,"column":8},"end":{"line":51,"column":22}},"24":{"start":{"line":58,"column":8},"end":{"line":58,"column":66}},"25":{"start":{"line":59,"column":8},"end":{"line":64,"column":10}},"26":{"start":{"line":62,"column":12},"end":{"line":62,"column":56}},"27":{"start":{"line":65,"column":8},"end":{"line":65,"column":33}},"28":{"start":{"line":66,"column":8},"end":{"line":66,"column":22}},"29":{"start":{"line":79,"column":8},"end":{"line":79,"column":25}},"30":{"start":{"line":84,"column":0},"end":{"line":84,"column":27}}},"branchMap":{"1":{"line":16,"type":"switch","locations":[{"start":{"line":17,"column":8},"end":{"line":17,"column":68}},{"start":{"line":18,"column":8},"end":{"line":18,"column":63}},{"start":{"line":19,"column":8},"end":{"line":19,"column":40}},{"start":{"line":20,"column":8},"end":{"line":20,"column":50}}]},"2":{"line":17,"type":"cond-expr","locations":[{"start":{"line":17,"column":42},"end":{"line":17,"column":47}},{"start":{"line":17,"column":50},"end":{"line":17,"column":59}}]},"3":{"line":18,"type":"cond-expr","locations":[{"start":{"line":18,"column":42},"end":{"line":18,"column":47}},{"start":{"line":18,"column":50},"end":{"line":18,"column":54}}]},"4":{"line":34,"type":"binary-expr","locations":[{"start":{"line":34,"column":18},"end":{"line":34,"column":45}},{"start":{"line":34,"column":49},"end":{"line":34,"column":56}}]},"5":{"line":36,"type":"if","locations":[{"start":{"line":36,"column":8},"end":{"line":36,"column":8}},{"start":{"line":36,"column":8},"end":{"line":36,"column":8}}]},"6":{"line":62,"type":"cond-expr","locations":[{"start":{"line":62,"column":41},"end":{"line":62,"column":43}},{"start":{"line":62,"column":46},"end":{"line":62,"column":54}}]}}}}