TN:
SF:/Users/agiammarchi/git/lightdown/cjs/index.js
FN:2,lightdown
FN:6,(anonymous_2)
FN:14,(anonymous_3)
FN:32,(anonymous_4)
FN:49,(anonymous_5)
FN:57,(anonymous_6)
FN:61,(anonymous_7)
FN:78,(anonymous_8)
FNF:8
FNH:8
FNDA:24,lightdown
FNDA:38,(anonymous_2)
FNDA:14,(anonymous_3)
FNDA:8,(anonymous_4)
FNDA:2,(anonymous_5)
FNDA:6,(anonymous_6)
FNDA:6,(anonymous_7)
FNDA:16,(anonymous_8)
DA:2,1
DA:4,24
DA:12,38
DA:15,14
DA:16,14
DA:17,6
DA:18,4
DA:19,2
DA:20,2
DA:22,12
DA:26,24
DA:34,8
DA:36,8
DA:37,4
DA:38,4
DA:41,8
DA:42,8
DA:43,8
DA:50,2
DA:51,2
DA:58,6
DA:59,6
DA:62,6
DA:65,6
DA:66,6
DA:79,16
DA:84,1
LF:27
LH:27
BRDA:16,1,0,6
BRDA:16,1,1,4
BRDA:16,1,2,2
BRDA:16,1,3,2
BRDA:17,2,0,4
BRDA:17,2,1,2
BRDA:18,3,0,2
BRDA:18,3,1,2
BRDA:34,4,0,8
BRDA:34,4,1,4
BRDA:36,5,0,4
BRDA:36,5,1,4
BRDA:62,6,0,4
BRDA:62,6,1,2
BRF:14
BRH:14
end_of_record
