TN:
SF:/home/webreflection/code/lightdown/cjs/index.js
FN:2,lightdown
FN:6,(anonymous_2)
FN:14,(anonymous_3)
FN:32,(anonymous_4)
FN:49,(anonymous_5)
FN:57,(anonymous_6)
FN:61,(anonymous_7)
FN:76,(anonymous_8)
FNF:8
FNH:8
FNDA:20,lightdown
FNDA:32,(anonymous_2)
FNDA:12,(anonymous_3)
FNDA:6,(anonymous_4)
FNDA:2,(anonymous_5)
FNDA:6,(anonymous_6)
FNDA:6,(anonymous_7)
FNDA:14,(anonymous_8)
DA:2,1
DA:4,20
DA:12,32
DA:15,12
DA:16,12
DA:17,6
DA:18,2
DA:19,2
DA:20,2
DA:22,10
DA:26,20
DA:34,6
DA:36,6
DA:37,2
DA:38,2
DA:41,6
DA:42,6
DA:43,6
DA:50,2
DA:51,2
DA:58,6
DA:59,6
DA:62,6
DA:65,6
DA:66,6
DA:77,14
DA:82,1
LF:27
LH:27
BRDA:16,1,0,6
BRDA:16,1,1,2
BRDA:16,1,2,2
BRDA:16,1,3,2
BRDA:17,2,0,4
BRDA:17,2,1,2
BRDA:34,3,0,6
BRDA:34,3,1,4
BRDA:36,4,0,2
BRDA:36,4,1,4
BRDA:62,5,0,4
BRDA:62,5,1,2
BRF:12
BRH:12
end_of_record
